<?xml version="1.0" encoding="UTF-8"?>
<!-- Generated by org.testng.reporters.JUnitXMLReporter -->
<testsuite hostname="Ajay" ignored="3" name="Regression1" tests="3" failures="0" timestamp="2019-10-20T21:54:12 IST" time="0.236" errors="0">
  <testcase name="testMethod1" time="0.053" classname="testNG.NewDemoTests"/>
  <testcase name="testMethod2" time="0.006" classname="testNG.NewDemoTests"/>
  <testcase name="testMethod3" time="0.009" classname="testNG.NewDemoTests"/>
  <testcase name="testWindowsOnly" time="0.0" classname="testNG.NewDemoTests">
    <ignored/>
  </testcase> <!-- testWindowsOnly -->
  <testcase name="test2" time="0.0" classname="testNG.NewDemoTests">
    <ignored/>
  </testcase> <!-- test2 -->
  <testcase name="test3" time="0.0" classname="testNG.NewDemoTests">
    <ignored/>
  </testcase> <!-- test3 -->
</testsuite> <!-- Regression1 -->
