<?xml version="1.0" encoding="UTF-8"?>
<testng-results skipped="0" failed="0" ignored="3" total="6" passed="3">
  <reporter-output>
  </reporter-output>
  <suite name="Suite1" duration-ms="236" started-at="2019-10-20T21:54:11 IST" finished-at="2019-10-20T21:54:12 IST">
    <groups>
      <group name="checkintest">
        <method signature="NewDemoTests.testMethod1()[pri:0, instance:testNG.NewDemoTests@2e3fc542]" name="testMethod1" class="testNG.NewDemoTests"/>
        <method signature="NewDemoTests.testMethod2()[pri:0, instance:testNG.NewDemoTests@2e3fc542]" name="testMethod2" class="testNG.NewDemoTests"/>
      </group> <!-- checkintest -->
      <group name="functest">
        <method signature="NewDemoTests.testMethod1()[pri:0, instance:testNG.NewDemoTests@2e3fc542]" name="testMethod1" class="testNG.NewDemoTests"/>
        <method signature="NewDemoTests.testMethod2()[pri:0, instance:testNG.NewDemoTests@2e3fc542]" name="testMethod2" class="testNG.NewDemoTests"/>
        <method signature="NewDemoTests.testMethod3()[pri:0, instance:testNG.NewDemoTests@2e3fc542]" name="testMethod3" class="testNG.NewDemoTests"/>
      </group> <!-- functest -->
    </groups>
    <test name="Regression1" duration-ms="236" started-at="2019-10-20T21:54:11 IST" finished-at="2019-10-20T21:54:12 IST">
      <class name="testNG.NewDemoTests">
        <test-method status="PASS" signature="testMethod1()[pri:0, instance:testNG.NewDemoTests@2e3fc542]" name="testMethod1" duration-ms="53" started-at="2019-10-20T21:54:11 IST" finished-at="2019-10-20T21:54:11 IST">
          <reporter-output>
          </reporter-output>
        </test-method> <!-- testMethod1 -->
        <test-method status="PASS" signature="testMethod2()[pri:0, instance:testNG.NewDemoTests@2e3fc542]" name="testMethod2" duration-ms="6" started-at="2019-10-20T21:54:11 IST" finished-at="2019-10-20T21:54:11 IST">
          <reporter-output>
          </reporter-output>
        </test-method> <!-- testMethod2 -->
        <test-method status="PASS" signature="testMethod3()[pri:0, instance:testNG.NewDemoTests@2e3fc542]" name="testMethod3" duration-ms="9" started-at="2019-10-20T21:54:12 IST" finished-at="2019-10-20T21:54:12 IST">
          <reporter-output>
          </reporter-output>
        </test-method> <!-- testMethod3 -->
      </class> <!-- testNG.NewDemoTests -->
    </test> <!-- Regression1 -->
  </suite> <!-- Suite1 -->
</testng-results>
